#-----------------------------------------------------------
# Vivado v2018.3 (64-bit)
# SW Build 2405991 on Thu Dec  6 23:38:27 MST 2018
# IP Build 2404404 on Fri Dec  7 01:43:56 MST 2018
# Start of session at: Wed May  5 21:18:50 2021
# Process ID: 23632
# Current directory: D:/vivado_pros/radar_emulate
# Command line: vivado.exe -gui_launcher_event rodinguilauncherevent56136 D:\vivado_pros\radar_emulate\radar_emulate.xpr
# Log file: D:/vivado_pros/radar_emulate/vivado.log
# Journal file: D:/vivado_pros/radar_emulate\vivado.jou
#-----------------------------------------------------------
start_gui
open_project D:/vivado_pros/radar_emulate/radar_emulate.xpr
Scanning sources...
Finished scanning sources
INFO: [IP_Flow 19-234] Refreshing IP repositories
INFO: [IP_Flow 19-1704] No user IP repositories specified
INFO: [IP_Flow 19-2313] Loaded Vivado IP repository 'D:/Xilinx/Vivado/2018.3/data/ip'.
open_project: Time (s): cpu = 00:00:15 ; elapsed = 00:00:07 . Memory (MB): peak = 810.184 ; gain = 197.891
update_compile_order -fileset sources_1
launch_simulation
INFO: [Vivado 12-5682] Launching behavioral simulation in 'D:/vivado_pros/radar_emulate/radar_emulate.sim/sim_1/behav/xsim'
INFO: [SIM-utils-51] Simulation object is 'sim_1'
INFO: [USF-XSim-7] Finding pre-compiled libraries...
INFO: [USF-XSim-11] File 'D:/Xilinx/Vivado/2018.3/data/xsim/xsim.ini' copied to run dir:'D:/vivado_pros/radar_emulate/radar_emulate.sim/sim_1/behav/xsim'
INFO: [SIM-utils-54] Inspecting design source files for 'tb_spi_top' in fileset 'sim_1'...
INFO: [USF-XSim-97] Finding global include files...
INFO: [USF-XSim-98] Fetching design files from 'sim_1'...
INFO: [USF-XSim-2] XSim::Compile design
INFO: [USF-XSim-61] Executing 'COMPILE and ANALYZE' step in 'D:/vivado_pros/radar_emulate/radar_emulate.sim/sim_1/behav/xsim'
"xvlog --incr --relax -prj tb_spi_top_vlog.prj"
INFO: [VRFC 10-2263] Analyzing Verilog file "D:/vivado_pros/radar_emulate/radar_emulate.srcs/sources_1/new/drive_ad9910.v" into library xil_defaultlib
INFO: [VRFC 10-311] analyzing module drive_ad9910
WARNING: [VRFC 10-3380] identifier 'r_spi_en_avaible' is used before its declaration [D:/vivado_pros/radar_emulate/radar_emulate.srcs/sources_1/new/drive_ad9910.v:233]
INFO: [VRFC 10-2263] Analyzing Verilog file "D:/vivado_pros/radar_emulate/radar_emulate.srcs/sources_1/new/sip_master.v" into library xil_defaultlib
INFO: [VRFC 10-311] analyzing module spi_master
INFO: [VRFC 10-2263] Analyzing Verilog file "D:/vivado_pros/radar_emulate/radar_emulate.srcs/sources_1/new/spi_top.v" into library xil_defaultlib
INFO: [VRFC 10-311] analyzing module spi_top
INFO: [VRFC 10-2263] Analyzing Verilog file "D:/vivado_pros/radar_emulate/radar_emulate.srcs/sim_1/new/tb_spi_top.v" into library xil_defaultlib
INFO: [VRFC 10-311] analyzing module tb_spi_top
INFO: [USF-XSim-69] 'compile' step finished in '1' seconds
INFO: [USF-XSim-3] XSim::Elaborate design
INFO: [USF-XSim-61] Executing 'ELABORATE' step in 'D:/vivado_pros/radar_emulate/radar_emulate.sim/sim_1/behav/xsim'
Vivado Simulator 2018.3
Copyright 1986-1999, 2001-2018 Xilinx, Inc. All Rights Reserved.
Running: D:/Xilinx/Vivado/2018.3/bin/unwrapped/win64.o/xelab.exe -wto 9fc82b3cf6cf4cbba41c8c416f15ff6d --incr --debug typical --relax --mt 2 -L xil_defaultlib -L unisims_ver -L unimacro_ver -L secureip -L xpm --snapshot tb_spi_top_behav xil_defaultlib.tb_spi_top xil_defaultlib.glbl -log elaborate.log 
Using 2 slave threads.
Starting static elaboration
Completed static elaboration
Starting simulation data flow analysis
Completed simulation data flow analysis
Time Resolution for simulation is 1ps
Compiling module xil_defaultlib.drive_ad9910
Compiling module xil_defaultlib.spi_master
Compiling module xil_defaultlib.spi_top
Compiling module xil_defaultlib.tb_spi_top
Compiling module xil_defaultlib.glbl
Built simulation snapshot tb_spi_top_behav
INFO: [USF-XSim-69] 'elaborate' step finished in '1' seconds
INFO: [USF-XSim-4] XSim::Simulate design
INFO: [USF-XSim-61] Executing 'SIMULATE' step in 'D:/vivado_pros/radar_emulate/radar_emulate.sim/sim_1/behav/xsim'
INFO: [USF-XSim-98] *** Running xsim
   with args "tb_spi_top_behav -key {Behavioral:sim_1:Functional:tb_spi_top} -tclbatch {tb_spi_top.tcl} -view {D:/vivado_pros/radar_emulate/tb_spi_top_behav.wcfg} -log {simulate.log}"
INFO: [USF-XSim-8] Loading simulator feature
Vivado Simulator 2018.3
Time resolution is 1 ps
open_wave_config D:/vivado_pros/radar_emulate/tb_spi_top_behav.wcfg
source tb_spi_top.tcl
# set curr_wave [current_wave_config]
# if { [string length $curr_wave] == 0 } {
#   if { [llength [get_objects]] > 0} {
#     add_wave /
#     set_property needs_save false [current_wave_config]
#   } else {
#      send_msg_id Add_Wave-1 WARNING "No top level signals found. Simulator will start without a wave window. If you want to open a wave window go to 'File->New Waveform Configuration' or type 'create_wave_config' in the TCL console."
#   }
# }
# run 1000ns
INFO: [USF-XSim-96] XSim completed. Design snapshot 'tb_spi_top_behav' loaded.
INFO: [USF-XSim-97] XSim simulation ran for 1000ns
launch_simulation: Time (s): cpu = 00:00:08 ; elapsed = 00:00:06 . Memory (MB): peak = 861.883 ; gain = 15.824
restart
INFO: [Simtcl 6-17] Simulation restarted
run all
close [ open D:/vivado_pros/radar_emulate/radar_emulate.srcs/sources_1/new/drive_ad9910_new.v w ]
add_files D:/vivado_pros/radar_emulate/radar_emulate.srcs/sources_1/new/drive_ad9910_new.v
update_compile_order -fileset sources_1
close_sim
INFO: [Simtcl 6-16] Simulation closed
exit
INFO: [Common 17-206] Exiting Vivado at Wed May  5 23:52:45 2021...
