#-----------------------------------------------------------
# Vivado v2018.3 (64-bit)
# SW Build 2405991 on Thu Dec  6 23:38:27 MST 2018
# IP Build 2404404 on Fri Dec  7 01:43:56 MST 2018
# Start of session at: Thu May  6 23:54:32 2021
# Process ID: 13220
# Current directory: D:/vivado_pros/radar_emulate
# Command line: vivado.exe -gui_launcher_event rodinguilauncherevent8728 D:\vivado_pros\radar_emulate\radar_emulate.xpr
# Log file: D:/vivado_pros/radar_emulate/vivado.log
# Journal file: D:/vivado_pros/radar_emulate\vivado.jou
#-----------------------------------------------------------
start_gui
open_project D:/vivado_pros/radar_emulate/radar_emulate.xpr
Scanning sources...
Finished scanning sources
INFO: [IP_Flow 19-234] Refreshing IP repositories
INFO: [IP_Flow 19-1704] No user IP repositories specified
INFO: [IP_Flow 19-2313] Loaded Vivado IP repository 'D:/Xilinx/Vivado/2018.3/data/ip'.
open_project: Time (s): cpu = 00:00:15 ; elapsed = 00:00:06 . Memory (MB): peak = 838.723 ; gain = 173.371
update_compile_order -fileset sources_1
exit
INFO: [Common 17-206] Exiting Vivado at Thu May  6 23:55:02 2021...
